生成启动时间为 2021/5/2 20:37:43。
     1>项目“E:\vs2013C\2021-5-2-二叉树的实现\2021-5-2-二叉树的实现\2021-5-2-二叉树的实现.vcxproj”在节点 2 上(Build 个目标)。
     1>ClCompile:
         E:\vs2013\VC\bin\CL.exe /c /ZI /nologo /W3 /WX- /sdl /Od /Oy- /D _UNICODE /D UNICODE /Gm /EHsc /RTC1 /MDd /GS /fp:precise /Zc:wchar_t /Zc:forScope /Fo"Debug\\" /Fd"Debug\vc120.pdb" /Gd /TC /analyze- /errorReport:prompt BinaryTree.c queue.c
         queue.c
         BinaryTree.c
     1>e:\vs2013c\2021-5-2-二叉树的实现\2021-5-2-二叉树的实现\binarytree.c(129): warning C4047: “函数”:“QDataType”与“BTNode *”的间接级别不同
     1>e:\vs2013c\2021-5-2-二叉树的实现\2021-5-2-二叉树的实现\binarytree.c(129): warning C4024: “QueuePush”: 形参和实参 2 的类型不同
     1>e:\vs2013c\2021-5-2-二叉树的实现\2021-5-2-二叉树的实现\binarytree.c(131): warning C4013: “QueueIsEmpty”未定义；假设外部返回 int
     1>e:\vs2013c\2021-5-2-二叉树的实现\2021-5-2-二叉树的实现\binarytree.c(134): warning C4013: “QueueTop”未定义；假设外部返回 int
     1>e:\vs2013c\2021-5-2-二叉树的实现\2021-5-2-二叉树的实现\binarytree.c(134): warning C4047: “=”:“BTNode *”与“int”的间接级别不同
     1>e:\vs2013c\2021-5-2-二叉树的实现\2021-5-2-二叉树的实现\binarytree.c(142): warning C4047: “函数”:“QDataType”与“BinaryTreeNode *”的间接级别不同
     1>e:\vs2013c\2021-5-2-二叉树的实现\2021-5-2-二叉树的实现\binarytree.c(142): warning C4024: “QueuePush”: 形参和实参 2 的类型不同
     1>e:\vs2013c\2021-5-2-二叉树的实现\2021-5-2-二叉树的实现\binarytree.c(147): warning C4047: “函数”:“QDataType”与“BinaryTreeNode *”的间接级别不同
     1>e:\vs2013c\2021-5-2-二叉树的实现\2021-5-2-二叉树的实现\binarytree.c(147): warning C4024: “QueuePush”: 形参和实参 2 的类型不同
     1>e:\vs2013c\2021-5-2-二叉树的实现\2021-5-2-二叉树的实现\binarytree.c(153): warning C4013: “QueueDestory”未定义；假设外部返回 int
     1>e:\vs2013c\2021-5-2-二叉树的实现\2021-5-2-二叉树的实现\binarytree.c(164): warning C4047: “函数”:“QDataType”与“BTNode *”的间接级别不同
     1>e:\vs2013c\2021-5-2-二叉树的实现\2021-5-2-二叉树的实现\binarytree.c(164): warning C4024: “QueuePush”: 形参和实参 2 的类型不同
     1>e:\vs2013c\2021-5-2-二叉树的实现\2021-5-2-二叉树的实现\binarytree.c(168): warning C4047: “=”:“BTNode *”与“int”的间接级别不同
     1>e:\vs2013c\2021-5-2-二叉树的实现\2021-5-2-二叉树的实现\binarytree.c(186): warning C4047: “函数”:“QDataType”与“BinaryTreeNode *”的间接级别不同
     1>e:\vs2013c\2021-5-2-二叉树的实现\2021-5-2-二叉树的实现\binarytree.c(186): warning C4024: “QueuePush”: 形参和实参 2 的类型不同
     1>e:\vs2013c\2021-5-2-二叉树的实现\2021-5-2-二叉树的实现\binarytree.c(191): warning C4047: “函数”:“QDataType”与“BinaryTreeNode *”的间接级别不同
     1>e:\vs2013c\2021-5-2-二叉树的实现\2021-5-2-二叉树的实现\binarytree.c(191): warning C4024: “QueuePush”: 形参和实参 2 的类型不同
         正在生成代码...
     1>e:\vs2013c\2021-5-2-二叉树的实现\2021-5-2-二叉树的实现\binarytree.c(38): warning C4717: “BinaryTreeDestory”: 如递归所有控件路径，函数将导致运行时堆栈溢出
       Link:
         E:\vs2013\VC\bin\link.exe /ERRORREPORT:PROMPT /OUT:"E:\vs2013C\2021-5-2-二叉树的实现\Debug\2021-5-2-二叉树的实现.exe" /INCREMENTAL /NOLOGO kernel32.lib user32.lib gdi32.lib winspool.lib comdlg32.lib advapi32.lib shell32.lib ole32.lib oleaut32.lib uuid.lib odbc32.lib odbccp32.lib /MANIFEST /MANIFESTUAC:"level='asInvoker' uiAccess='false'" /manifest:embed /DEBUG /PDB:"E:\vs2013C\2021-5-2-二叉树的实现\Debug\2021-5-2-二叉树的实现.pdb" /TLBID:1 /DYNAMICBASE /NXCOMPAT /IMPLIB:"E:\vs2013C\2021-5-2-二叉树的实现\Debug\2021-5-2-二叉树的实现.lib" /MACHINE:X86 Debug\BinaryTree.obj
         Debug\queue.obj
     1>LINK : fatal error LNK1561: 必须定义入口点
     1>已完成生成项目“E:\vs2013C\2021-5-2-二叉树的实现\2021-5-2-二叉树的实现\2021-5-2-二叉树的实现.vcxproj”(Build 个目标)的操作 - 失败。

生成失败。

已用时间 00:00:04.41
